<ERROR_BLOCK>
excepInfo: SELECT * FROM iwebshop_address WHERE user_id =  ORDER BY is_default desc limit 50000
 -- You have an error in your SQL syntax; check the manual that corresponds to your MySQL server version for the right syntax to use near 'ORDER BY is_default desc limit 50000' at line 1
excepFile: IWEB_PATH/lib/db/db_class.php
excepLine: 119
excepCode: 1000
excepTime: 2017-11-18 14:28:49
#0 IWEB_PATH/lib/web/model/model_class.php(200): IDB->query(SELECT * FROM iwebshop_address WHERE user_id =  ORDER BY is_default desc limit 50000)
#1 IWEB_PATH/controllers/simple.php(556): IModel->query(user_id = ,*,is_default desc)
#2 : Simple->cart2()
#3 IWEB_PATH/lib/web/action/inline_action.php(24): call_user_func()
#4 IWEB_PATH/lib/web/controller/controller_class.php(115): IInlineAction->run()
#5 IWEB_PATH/lib/core/webapplication_class.php(75): IController->run(cart2)
#6 IWEB_PATH/lib/core/application_class.php(94): IWebApplication->execRequest()
#7 IWEB_PATH/index.php(5): IApplication->run()
</ERROR_BLOCK>

<ERROR_BLOCK>
excepInfo: SELECT * FROM iwebshop_address WHERE user_id =  ORDER BY is_default desc limit 50000
 -- You have an error in your SQL syntax; check the manual that corresponds to your MySQL server version for the right syntax to use near 'ORDER BY is_default desc limit 50000' at line 1
excepFile: IWEB_PATH/lib/db/db_class.php
excepLine: 119
excepCode: 1000
excepTime: 2017-11-18 15:54:08
#0 IWEB_PATH/lib/web/model/model_class.php(200): IDB->query(SELECT * FROM iwebshop_address WHERE user_id =  ORDER BY is_default desc limit 50000)
#1 IWEB_PATH/controllers/simple.php(556): IModel->query(user_id = ,*,is_default desc)
#2 : Simple->cart2()
#3 IWEB_PATH/lib/web/action/inline_action.php(24): call_user_func()
#4 IWEB_PATH/lib/web/controller/controller_class.php(115): IInlineAction->run()
#5 IWEB_PATH/lib/core/webapplication_class.php(75): IController->run(cart2)
#6 IWEB_PATH/lib/core/application_class.php(94): IWebApplication->execRequest()
#7 IWEB_PATH/index.php(5): IApplication->run()
</ERROR_BLOCK>

<ERROR_BLOCK>
excepInfo: SELECT * FROM iwebshop_address WHERE user_id =  ORDER BY is_default desc limit 50000
 -- You have an error in your SQL syntax; check the manual that corresponds to your MySQL server version for the right syntax to use near 'ORDER BY is_default desc limit 50000' at line 1
excepFile: IWEB_PATH/lib/db/db_class.php
excepLine: 119
excepCode: 1000
excepTime: 2017-11-18 16:58:23
#0 IWEB_PATH/lib/web/model/model_class.php(200): IDB->query(SELECT * FROM iwebshop_address WHERE user_id =  ORDER BY is_default desc limit 50000)
#1 IWEB_PATH/controllers/simple.php(556): IModel->query(user_id = ,*,is_default desc)
#2 : Simple->cart2()
#3 IWEB_PATH/lib/web/action/inline_action.php(24): call_user_func()
#4 IWEB_PATH/lib/web/controller/controller_class.php(115): IInlineAction->run()
#5 IWEB_PATH/lib/core/webapplication_class.php(75): IController->run(cart2)
#6 IWEB_PATH/lib/core/application_class.php(94): IWebApplication->execRequest()
#7 IWEB_PATH/index.php(5): IApplication->run()
</ERROR_BLOCK>

